<?xml version="1.0" encoding="UTF-8"?>
<!-- Generated by org.testng.reporters.JUnitXMLReporter -->
<testsuite hostname="myMacs-MacBook-Pro.local" ignored="0" name="Command line test" tests="1" failures="1" timestamp="15 Apr 2018 06:24:47 GMT" time="39.058" errors="0">
  <testcase name="addCurrentCompanyToProfileTest" time="35.23" classname="education_section.AddNewDataToProfileTest">
    <failure type="org.openqa.selenium.ElementClickInterceptedException" message="Element &amp;lt;button class=&amp;quot;_42ft _4jy0 _4jy4 _4jy1 selected _51sy&amp;quot; name=&amp;quot;__submit__&amp;quot; type=&amp;quot;submit&amp;quot;&amp;gt; is not clickable at point (1176.875,765.4833374023438) because another element &amp;lt;div class=&amp;quot;_7lo _572u clearfix uiBoxGray topborder&amp;quot;&amp;gt; obscures it
Build info: version: &amp;apos;3.8.1&amp;apos;, revision: &amp;apos;6e95a6684b&amp;apos;, time: &amp;apos;2017-12-01T18:33:54.468Z&amp;apos;
System info: host: &amp;apos;myMacs-MacBook-Pro.local&amp;apos;, ip: &amp;apos;192.168.0.105&amp;apos;, os.name: &amp;apos;Mac OS X&amp;apos;, os.arch: &amp;apos;x86_64&amp;apos;, os.version: &amp;apos;10.13.3&amp;apos;, java.version: &amp;apos;1.8.0_161&amp;apos;
Driver info: org.openqa.selenium.firefox.FirefoxDriver
Capabilities {acceptInsecureCerts: true, browserName: firefox, browserVersion: 59.0.2, javascriptEnabled: true, moz:accessibilityChecks: false, moz:headless: false, moz:processID: 1035, moz:profile: /var/folders/s9/xzjzfpq16bx..., moz:useNonSpecCompliantPointerOrigin: false, moz:webdriverClick: true, pageLoadStrategy: normal, platform: MAC, platformName: MAC, platformVersion: 17.4.0, rotatable: false, timeouts: {implicit: 0, pageLoad: 300000, script: 30000}}
Session ID: a8a8a3c3-80e2-6f46-b5c9-5f0d05f494a1">
      <![CDATA[org.openqa.selenium.ElementClickInterceptedException: Element <button class="_42ft _4jy0 _4jy4 _4jy1 selected _51sy" name="__submit__" type="submit"> is not clickable at point (1176.875,765.4833374023438) because another element <div class="_7lo _572u clearfix uiBoxGray topborder"> obscures itBuild info: version: '3.8.1', revision: '6e95a6684b', time: '2017-12-01T18:33:54.468Z'System info: host: 'myMacs-MacBook-Pro.local', ip: '192.168.0.105', os.name: 'Mac OS X', os.arch: 'x86_64', os.version: '10.13.3', java.version: '1.8.0_161'Driver info: org.openqa.selenium.firefox.FirefoxDriverCapabilities {acceptInsecureCerts: true, browserName: firefox, browserVersion: 59.0.2, javascriptEnabled: true, moz:accessibilityChecks: false, moz:headless: false, moz:processID: 1035, moz:profile: /var/folders/s9/xzjzfpq16bx..., moz:useNonSpecCompliantPointerOrigin: false, moz:webdriverClick: true, pageLoadStrategy: normal, platform: MAC, platformName: MAC, platformVersion: 17.4.0, rotatable: false, timeouts: {implicit: 0, pageLoad: 300000, script: 30000}}Session ID: a8a8a3c3-80e2-6f46-b5c9-5f0d05f494a1at org.openqa.selenium.remote.http.W3CHttpResponseCodec.createException(W3CHttpResponseCodec.java:187)at org.openqa.selenium.remote.http.W3CHttpResponseCodec.decode(W3CHttpResponseCodec.java:122)at org.openqa.selenium.remote.http.W3CHttpResponseCodec.decode(W3CHttpResponseCodec.java:49)at org.openqa.selenium.remote.HttpCommandExecutor.execute(HttpCommandExecutor.java:164)at org.openqa.selenium.remote.service.DriverCommandExecutor.execute(DriverCommandExecutor.java:83)at org.openqa.selenium.remote.RemoteWebDriver.execute(RemoteWebDriver.java:601)at org.openqa.selenium.remote.RemoteWebElement.execute(RemoteWebElement.java:279)at org.openqa.selenium.remote.RemoteWebElement.click(RemoteWebElement.java:83)at org.openqa.selenium.support.pagefactory.internal.LocatingElementHandler.invoke(LocatingElementHandler.java:51)at com.sun.proxy.$Proxy9.click(Unknown Source)at education_section.pages.WorkEducationPage.saveChanges(WorkEducationPage.java:93)at education_section.AddNewDataToProfileTest.addCurrentCompanyToProfileTest(AddNewDataToProfileTest.java:103)... Removed 42 stack frames]]>
    </failure>
  </testcase> <!-- addCurrentCompanyToProfileTest -->
</testsuite> <!-- Command line test -->
